<html>
<head>
<title>TestNG:  Test1</title>
<link href="../testng.css" rel="stylesheet" type="text/css" />
<link href="../my-testng.css" rel="stylesheet" type="text/css" />

<style type="text/css">
.log { display: none;} 
.stack-trace { display: none;} 
</style>
<script type="text/javascript">
<!--
function flip(e) {
  current = e.style.display;
  if (current == 'block') {
    e.style.display = 'none';
    return 0;
  }
  else {
    e.style.display = 'block';
    return 1;
  }
}

function toggleBox(szDivId, elem, msg1, msg2)
{
  var res = -1;  if (document.getElementById) {
    res = flip(document.getElementById(szDivId));
  }
  else if (document.all) {
    // this is the way old msie versions work
    res = flip(document.all[szDivId]);
  }
  if(elem) {
    if(res == 0) elem.innerHTML = msg1; else elem.innerHTML = msg2;
  }

}

function toggleAllBoxes() {
  if (document.getElementsByTagName) {
    d = document.getElementsByTagName('div');
    for (i = 0; i < d.length; i++) {
      if (d[i].className == 'log') {
        flip(d[i]);
      }
    }
  }
}

// -->
</script>

</head>
<body>
<h2 align='center'>Test1</h2><table border='1' align="center">
<tr>
<td>Tests passed/Failed/Skipped:</td><td>21/2/1</td>
</tr><tr>
<td>Started on:</td><td>Thu Jun 04 17:52:39 IST 2020</td>
</tr>
<tr><td>Total time:</td><td>114 seconds (114076 ms)</td>
</tr><tr>
<td>Included groups:</td><td></td>
</tr><tr>
<td>Excluded groups:</td><td></td>
</tr>
</table><p/>
<small><i>(Hover the method name to see the test class name)</i></small><p/>
<table width='100%' border='1' class='invocation-failed'>
<tr><td colspan='4' align='center'><b>FAILED TESTS</b></td></tr>
<tr><td><b>Test method</b></td>
<td width="30%"><b>Exception</b></td>
<td width="10%"><b>Time (seconds)</b></td>
<td><b>Instance</b></td>
</tr>
<tr>
<td title='TestngDemo.DependsOnMethodsDemo.abc()'><b>abc</b><br>Test class: TestngDemo.DependsOnMethodsDemo</td>
<td><div><pre>java.lang.ArithmeticException: / by zero
	at TestngDemo.DependsOnMethodsDemo.abc(DependsOnMethodsDemo.java:45)
	at java.util.ArrayList.forEach(Unknown Source)
... Removed 27 stack frames</pre></div><a href='#' onClick='toggleBox("stack-trace1415630650", this, "Click to show all stack frames", "Click to hide stack frames")'>Click to show all stack frames</a>
<div class='stack-trace' id='stack-trace1415630650'><pre>java.lang.ArithmeticException: / by zero
	at TestngDemo.DependsOnMethodsDemo.abc(DependsOnMethodsDemo.java:45)
	at sun.reflect.NativeMethodAccessorImpl.invoke0(Native Method)
	at sun.reflect.NativeMethodAccessorImpl.invoke(Unknown Source)
	at sun.reflect.DelegatingMethodAccessorImpl.invoke(Unknown Source)
	at java.lang.reflect.Method.invoke(Unknown Source)
	at org.testng.internal.MethodInvocationHelper.invokeMethod(MethodInvocationHelper.java:135)
	at org.testng.internal.TestInvoker.invokeMethod(TestInvoker.java:598)
	at org.testng.internal.TestInvoker.invokeTestMethod(TestInvoker.java:174)
	at org.testng.internal.MethodRunner.runInSequence(MethodRunner.java:46)
	at org.testng.internal.TestInvoker$MethodInvocationAgent.invoke(TestInvoker.java:821)
	at org.testng.internal.TestInvoker.invokeTestMethods(TestInvoker.java:147)
	at org.testng.internal.TestMethodWorker.invokeTestMethods(TestMethodWorker.java:146)
	at org.testng.internal.TestMethodWorker.run(TestMethodWorker.java:128)
	at java.util.ArrayList.forEach(Unknown Source)
	at org.testng.TestRunner.privateRun(TestRunner.java:767)
	at org.testng.TestRunner.run(TestRunner.java:588)
	at org.testng.SuiteRunner.runTest(SuiteRunner.java:384)
	at org.testng.SuiteRunner.runSequentially(SuiteRunner.java:378)
	at org.testng.SuiteRunner.privateRun(SuiteRunner.java:337)
	at org.testng.SuiteRunner.run(SuiteRunner.java:286)
	at org.testng.SuiteRunnerWorker.runSuite(SuiteRunnerWorker.java:53)
	at org.testng.SuiteRunnerWorker.run(SuiteRunnerWorker.java:96)
	at org.testng.TestNG.runSuitesSequentially(TestNG.java:1214)
	at org.testng.TestNG.runSuitesLocally(TestNG.java:1136)
	at org.testng.TestNG.runSuites(TestNG.java:1066)
	at org.testng.TestNG.run(TestNG.java:1034)
	at org.testng.remote.AbstractRemoteTestNG.run(AbstractRemoteTestNG.java:115)
	at org.testng.remote.RemoteTestNG.initAndRun(RemoteTestNG.java:251)
	at org.testng.remote.RemoteTestNG.main(RemoteTestNG.java:77)
</pre></div></td>
<td>0</td>
<td>TestngDemo.DependsOnMethodsDemo@51b279c9</td></tr>
<tr>
<td title='TestngDemo.GoogleTitleTest$TestNGGoogleTest.xyz()'><b>xyz</b><br>Test class: TestngDemo.GoogleTitleTest$TestNGGoogleTest</td>
<td><div><pre>java.lang.AssertionError: expected [Google] but found [Google123]
	at TestngDemo.GoogleTitleTest$TestNGGoogleTest.xyz(GoogleTitleTest.java:39)
	at java.util.ArrayList.forEach(Unknown Source)
... Removed 32 stack frames</pre></div><a href='#' onClick='toggleBox("stack-trace768776793", this, "Click to show all stack frames", "Click to hide stack frames")'>Click to show all stack frames</a>
<div class='stack-trace' id='stack-trace768776793'><pre>java.lang.AssertionError: expected [Google] but found [Google123]
	at org.testng.Assert.fail(Assert.java:97)
	at org.testng.Assert.assertEqualsImpl(Assert.java:136)
	at org.testng.Assert.assertEquals(Assert.java:118)
	at org.testng.Assert.assertEquals(Assert.java:575)
	at org.testng.Assert.assertEquals(Assert.java:585)
	at TestngDemo.GoogleTitleTest$TestNGGoogleTest.xyz(GoogleTitleTest.java:39)
	at sun.reflect.NativeMethodAccessorImpl.invoke0(Native Method)
	at sun.reflect.NativeMethodAccessorImpl.invoke(Unknown Source)
	at sun.reflect.DelegatingMethodAccessorImpl.invoke(Unknown Source)
	at java.lang.reflect.Method.invoke(Unknown Source)
	at org.testng.internal.MethodInvocationHelper.invokeMethod(MethodInvocationHelper.java:135)
	at org.testng.internal.TestInvoker.invokeMethod(TestInvoker.java:598)
	at org.testng.internal.TestInvoker.invokeTestMethod(TestInvoker.java:174)
	at org.testng.internal.MethodRunner.runInSequence(MethodRunner.java:46)
	at org.testng.internal.TestInvoker$MethodInvocationAgent.invoke(TestInvoker.java:821)
	at org.testng.internal.TestInvoker.invokeTestMethods(TestInvoker.java:147)
	at org.testng.internal.TestMethodWorker.invokeTestMethods(TestMethodWorker.java:146)
	at org.testng.internal.TestMethodWorker.run(TestMethodWorker.java:128)
	at java.util.ArrayList.forEach(Unknown Source)
	at org.testng.TestRunner.privateRun(TestRunner.java:767)
	at org.testng.TestRunner.run(TestRunner.java:588)
	at org.testng.SuiteRunner.runTest(SuiteRunner.java:384)
	at org.testng.SuiteRunner.runSequentially(SuiteRunner.java:378)
	at org.testng.SuiteRunner.privateRun(SuiteRunner.java:337)
	at org.testng.SuiteRunner.run(SuiteRunner.java:286)
	at org.testng.SuiteRunnerWorker.runSuite(SuiteRunnerWorker.java:53)
	at org.testng.SuiteRunnerWorker.run(SuiteRunnerWorker.java:96)
	at org.testng.TestNG.runSuitesSequentially(TestNG.java:1214)
	at org.testng.TestNG.runSuitesLocally(TestNG.java:1136)
	at org.testng.TestNG.runSuites(TestNG.java:1066)
	at org.testng.TestNG.run(TestNG.java:1034)
	at org.testng.remote.AbstractRemoteTestNG.run(AbstractRemoteTestNG.java:115)
	at org.testng.remote.RemoteTestNG.initAndRun(RemoteTestNG.java:251)
	at org.testng.remote.RemoteTestNG.main(RemoteTestNG.java:77)
</pre></div></td>
<td>0</td>
<td>TestngDemo.GoogleTitleTest$TestNGGoogleTest@133e16fd</td></tr>
</table><p>
<table width='100%' border='1' class='invocation-passed'>
<tr><td colspan='4' align='center'><b>PASSED TESTS</b></td></tr>
<tr><td><b>Test method</b></td>
<td width="30%"><b>Exception</b></td>
<td width="10%"><b>Time (seconds)</b></td>
<td><b>Instance</b></td>
</tr>
<tr>
<td title='TestngDemo.GoogleTitleTest$TestNGGoogleTest.abc()'><b>abc</b><br>Test class: TestngDemo.GoogleTitleTest$TestNGGoogleTest</td>
<td></td>
<td>0</td>
<td>TestngDemo.GoogleTitleTest$TestNGGoogleTest@133e16fd</td></tr>
<tr>
<td title='TestngDemo.TestNGGoogleTest.abc()'><b>abc</b><br>Test class: TestngDemo.TestNGGoogleTest</td>
<td></td>
<td>0</td>
<td>TestngDemo.TestNGGoogleTest@1ad282e0</td></tr>
<tr>
<td title='TestngDemo.TestNGGoogleTest.def()'><b>def</b><br>Test class: TestngDemo.TestNGGoogleTest</td>
<td></td>
<td>0</td>
<td>TestngDemo.TestNGGoogleTest@1ad282e0</td></tr>
<tr>
<td title='TestngDemo.TestNGGoogleTest.pqr()'><b>pqr</b><br>Test class: TestngDemo.TestNGGoogleTest</td>
<td></td>
<td>0</td>
<td>TestngDemo.TestNGGoogleTest@1ad282e0</td></tr>
<tr>
<td title='TestngDemo.InvocationCountTest.test()'><b>test</b><br>Test class: TestngDemo.InvocationCountTest</td>
<td></td>
<td>0</td>
<td>TestngDemo.InvocationCountTest@7f416310</td></tr>
<tr>
<td title='TestngDemo.InvocationCountTest.test()'><b>test</b><br>Test class: TestngDemo.InvocationCountTest</td>
<td></td>
<td>0</td>
<td>TestngDemo.InvocationCountTest@7f416310</td></tr>
<tr>
<td title='TestngDemo.InvocationCountTest.test()'><b>test</b><br>Test class: TestngDemo.InvocationCountTest</td>
<td></td>
<td>0</td>
<td>TestngDemo.InvocationCountTest@7f416310</td></tr>
<tr>
<td title='TestngDemo.InvocationCountTest.test()'><b>test</b><br>Test class: TestngDemo.InvocationCountTest</td>
<td></td>
<td>0</td>
<td>TestngDemo.InvocationCountTest@7f416310</td></tr>
<tr>
<td title='TestngDemo.InvocationCountTest.test()'><b>test</b><br>Test class: TestngDemo.InvocationCountTest</td>
<td></td>
<td>0</td>
<td>TestngDemo.InvocationCountTest@7f416310</td></tr>
<tr>
<td title='TestngDemo.InvocationCountTest.test()'><b>test</b><br>Test class: TestngDemo.InvocationCountTest</td>
<td></td>
<td>0</td>
<td>TestngDemo.InvocationCountTest@7f416310</td></tr>
<tr>
<td title='TestngDemo.InvocationCountTest.test()'><b>test</b><br>Test class: TestngDemo.InvocationCountTest</td>
<td></td>
<td>0</td>
<td>TestngDemo.InvocationCountTest@7f416310</td></tr>
<tr>
<td title='TestngDemo.InvocationCountTest.test()'><b>test</b><br>Test class: TestngDemo.InvocationCountTest</td>
<td></td>
<td>0</td>
<td>TestngDemo.InvocationCountTest@7f416310</td></tr>
<tr>
<td title='TestngDemo.InvocationCountTest.test()'><b>test</b><br>Test class: TestngDemo.InvocationCountTest</td>
<td></td>
<td>0</td>
<td>TestngDemo.InvocationCountTest@7f416310</td></tr>
<tr>
<td title='TestngDemo.InvocationCountTest.test()'><b>test</b><br>Test class: TestngDemo.InvocationCountTest</td>
<td></td>
<td>0</td>
<td>TestngDemo.InvocationCountTest@7f416310</td></tr>
<tr>
<td title='TestngDemo.TestNGAnnotations.test1()'><b>test1</b><br>Test class: TestngDemo.TestNGAnnotations</td>
<td></td>
<td>0</td>
<td>TestngDemo.TestNGAnnotations@4b9e255</td></tr>
<tr>
<td title='TestngDemo.InvocationCountTest.test1()'><b>test1</b><br>Test class: TestngDemo.InvocationCountTest</td>
<td><div><pre>java.lang.NumberFormatException: For input string: &quot;100A&quot;
	at java.lang.NumberFormatException.forInputString(Unknown Source)
	at java.lang.Integer.parseInt(Unknown Source)
	at java.lang.Integer.parseInt(Unknown Source)
	at TestngDemo.InvocationCountTest.test1(InvocationCountTest.java:20)
	at java.util.ArrayList.forEach(Unknown Source)
... Removed 27 stack frames</pre></div><a href='#' onClick='toggleBox("stack-trace605705199", this, "Click to show all stack frames", "Click to hide stack frames")'>Click to show all stack frames</a>
<div class='stack-trace' id='stack-trace605705199'><pre>java.lang.NumberFormatException: For input string: &quot;100A&quot;
	at java.lang.NumberFormatException.forInputString(Unknown Source)
	at java.lang.Integer.parseInt(Unknown Source)
	at java.lang.Integer.parseInt(Unknown Source)
	at TestngDemo.InvocationCountTest.test1(InvocationCountTest.java:20)
	at sun.reflect.NativeMethodAccessorImpl.invoke0(Native Method)
	at sun.reflect.NativeMethodAccessorImpl.invoke(Unknown Source)
	at sun.reflect.DelegatingMethodAccessorImpl.invoke(Unknown Source)
	at java.lang.reflect.Method.invoke(Unknown Source)
	at org.testng.internal.MethodInvocationHelper.invokeMethod(MethodInvocationHelper.java:135)
	at org.testng.internal.TestInvoker.invokeMethod(TestInvoker.java:598)
	at org.testng.internal.TestInvoker.invokeTestMethod(TestInvoker.java:174)
	at org.testng.internal.MethodRunner.runInSequence(MethodRunner.java:46)
	at org.testng.internal.TestInvoker$MethodInvocationAgent.invoke(TestInvoker.java:821)
	at org.testng.internal.TestInvoker.invokeTestMethods(TestInvoker.java:147)
	at org.testng.internal.TestMethodWorker.invokeTestMethods(TestMethodWorker.java:146)
	at org.testng.internal.TestMethodWorker.run(TestMethodWorker.java:128)
	at java.util.ArrayList.forEach(Unknown Source)
	at org.testng.TestRunner.privateRun(TestRunner.java:767)
	at org.testng.TestRunner.run(TestRunner.java:588)
	at org.testng.SuiteRunner.runTest(SuiteRunner.java:384)
	at org.testng.SuiteRunner.runSequentially(SuiteRunner.java:378)
	at org.testng.SuiteRunner.privateRun(SuiteRunner.java:337)
	at org.testng.SuiteRunner.run(SuiteRunner.java:286)
	at org.testng.SuiteRunnerWorker.runSuite(SuiteRunnerWorker.java:53)
	at org.testng.SuiteRunnerWorker.run(SuiteRunnerWorker.java:96)
	at org.testng.TestNG.runSuitesSequentially(TestNG.java:1214)
	at org.testng.TestNG.runSuitesLocally(TestNG.java:1136)
	at org.testng.TestNG.runSuites(TestNG.java:1066)
	at org.testng.TestNG.run(TestNG.java:1034)
	at org.testng.remote.AbstractRemoteTestNG.run(AbstractRemoteTestNG.java:115)
	at org.testng.remote.RemoteTestNG.initAndRun(RemoteTestNG.java:251)
	at org.testng.remote.RemoteTestNG.main(RemoteTestNG.java:77)
</pre></div></td>
<td>0</td>
<td>TestngDemo.InvocationCountTest@7f416310</td></tr>
<tr>
<td title='TestngDemo.TestNGAnnotations.test2()'><b>test2</b><br>Test class: TestngDemo.TestNGAnnotations</td>
<td></td>
<td>0</td>
<td>TestngDemo.TestNGAnnotations@4b9e255</td></tr>
<tr>
<td title='TestngDemo.TestNGGoogleTest.tuv()'><b>tuv</b><br>Test class: TestngDemo.TestNGGoogleTest</td>
<td></td>
<td>0</td>
<td>TestngDemo.TestNGGoogleTest@1ad282e0</td></tr>
<tr>
<td title='RecordTest.RecordingTest.verifyLinks()'><b>verifyLinks</b><br>Test class: RecordTest.RecordingTest</td>
<td></td>
<td>8</td>
<td>RecordTest.RecordingTest@5e57643e</td></tr>
<tr>
<td title='TestngDemo.DependsOnMethodsDemo.xyz()'><b>xyz</b><br>Test class: TestngDemo.DependsOnMethodsDemo</td>
<td></td>
<td>0</td>
<td>TestngDemo.DependsOnMethodsDemo@51b279c9</td></tr>
<tr>
<td title='TestngDemo.TestNGGoogleTest.xyz()'><b>xyz</b><br>Test class: TestngDemo.TestNGGoogleTest</td>
<td></td>
<td>0</td>
<td>TestngDemo.TestNGGoogleTest@1ad282e0</td></tr>
</table><p>
<table width='100%' border='1' class='invocation-skipped'>
<tr><td colspan='4' align='center'><b>SKIPPED TESTS</b></td></tr>
<tr><td><b>Test method</b></td>
<td width="30%"><b>Exception</b></td>
<td width="10%"><b>Time (seconds)</b></td>
<td><b>Instance</b></td>
</tr>
<tr>
<td title='TestngDemo.DependsOnMethodsDemo.pqr()'><b>pqr</b><br>Test class: TestngDemo.DependsOnMethodsDemo</td>
<td><div><pre>java.lang.Throwable: Method DependsOnMethodsDemo.pqr()[pri:0, instance:TestngDemo.DependsOnMethodsDemo@51b279c9] depends on not successfully finished methods
	at java.util.ArrayList.forEach(Unknown Source)
... Removed 18 stack frames</pre></div><a href='#' onClick='toggleBox("stack-trace1070157899", this, "Click to show all stack frames", "Click to hide stack frames")'>Click to show all stack frames</a>
<div class='stack-trace' id='stack-trace1070157899'><pre>java.lang.Throwable: Method DependsOnMethodsDemo.pqr()[pri:0, instance:TestngDemo.DependsOnMethodsDemo@51b279c9] depends on not successfully finished methods
	at org.testng.internal.TestInvoker.invokeTestMethods(TestInvoker.java:102)
	at org.testng.internal.TestMethodWorker.invokeTestMethods(TestMethodWorker.java:146)
	at org.testng.internal.TestMethodWorker.run(TestMethodWorker.java:128)
	at java.util.ArrayList.forEach(Unknown Source)
	at org.testng.TestRunner.privateRun(TestRunner.java:767)
	at org.testng.TestRunner.run(TestRunner.java:588)
	at org.testng.SuiteRunner.runTest(SuiteRunner.java:384)
	at org.testng.SuiteRunner.runSequentially(SuiteRunner.java:378)
	at org.testng.SuiteRunner.privateRun(SuiteRunner.java:337)
	at org.testng.SuiteRunner.run(SuiteRunner.java:286)
	at org.testng.SuiteRunnerWorker.runSuite(SuiteRunnerWorker.java:53)
	at org.testng.SuiteRunnerWorker.run(SuiteRunnerWorker.java:96)
	at org.testng.TestNG.runSuitesSequentially(TestNG.java:1214)
	at org.testng.TestNG.runSuitesLocally(TestNG.java:1136)
	at org.testng.TestNG.runSuites(TestNG.java:1066)
	at org.testng.TestNG.run(TestNG.java:1034)
	at org.testng.remote.AbstractRemoteTestNG.run(AbstractRemoteTestNG.java:115)
	at org.testng.remote.RemoteTestNG.initAndRun(RemoteTestNG.java:251)
	at org.testng.remote.RemoteTestNG.main(RemoteTestNG.java:77)
</pre></div></td>
<td>0</td>
<td>TestngDemo.DependsOnMethodsDemo@51b279c9</td></tr>
</table><p>
</body>
</html>